Resumen del Usuario: Bilbo

Situacion Original:

-Presupuesto Orignal: $1000,00
-Tiempo Disponible Orignal: 100.0

Recomendaciones aceptadas:

Promocion: Pack aventura
-Tiempo requerido: 7.0
-Atracciones incluidas: [Bosque Negro, Mordor]
-Porcentaje de descuento: 20.0
-Precio sin Descuento: $28.0
-Precio con descuento: $22.4

Promocion: Pack Paisajes
-Tiempo requerido: 7.5
-Atracciones incluidas: [Minas Tirith, Abismo de Helm]
-AtraccionGratis: 
Atraccion: Erebor
-Precio: $12.0
-Tiempo Requerido: 3.0
-Tipo de atraccion: PAISAJES
-Precio: $10.0

Atraccion: Lothlórien
-Precio: $35.0
-Tiempo Requerido: 1.0
-Tipo de atraccion: DEGUSTACION

Atraccion: Erebor
-Precio: $12.0
-Tiempo Requerido: 3.0
-Tipo de atraccion: PAISAJES

Atraccion: La Comarca
-Precio: $3.0
-Tiempo Requerido: 6.5
-Tipo de atraccion: DEGUSTACION

Situacion Final:

-Presupuesto Final: $917,60
-Tiempo Disponible Final: 75.0

Costo total de la salida: $82,40
Tiempo total de la salida: 25,00
