Resumen del Usuario: Frodo

Situacion Original:

-Presupuesto Orignal: 30,00
-Tiempo Disponible Orignal: 10.0

Recomendaciones aceptadas:

Promocion: Pack aventura
-Tiempo requerido: 7.0
-Atracciones incluidas: [Bosque Negro, Mordor]
-Porcentaje de descuento: 20.0
-Precio sin Descuento: 28.0
-Precio con descuento: 22.4

Atraccion: Minas Tirith
-Precio: 5.0
-Tiempo Requerido: 2.5
-Tipo de atraccion: PAISAJES

Situacion Final:

-Presupuesto Final: 2,60
-Tiempo Disponible Final: 0.5

Costo total de la salida: 27,40
Tiempo total de la salida: 9,50
